Unity Editor version:    2020.3.30f1 (1fb1bf06830e)
Branch:                  2020.3/staging
Build type:              Release
Batch mode:              YES
macOS version:           Version 12.3.1 (Build 21E258)
Darwin version:          21.4.0
Architecture:            x86_64
Running under Rosetta:   YES
Available memory:        16384 MB
Using pre-set license
Pro License: NO

COMMAND LINE ARGUMENTS:
/Applications/Unity/Hub/Editor/2020.3.30f1/Unity.app/Contents/MacOS/Unity
-adb2
-batchMode
-noUpm
-name
AssetImportWorker0
-projectPath
/Users/hiteshshridhar/Documents/unityProject/vrNewVersions/Ball_Ninja
-logFile
Logs/AssetImportWorker0.log
-srvPort
55091
Successfully changed project path to: /Users/hiteshshridhar/Documents/unityProject/vrNewVersions/Ball_Ninja
/Users/hiteshshridhar/Documents/unityProject/vrNewVersions/Ball_Ninja
Using Asset Import Pipeline V2.
Refreshing native plugins compatible for Editor in 56.98 ms, found 3 plugins.
Preloading 1 native plugins for Editor in 5.58 ms.
Initialize engine version: 2020.3.30f1 (1fb1bf06830e)
[Subsystems] Discovering subsystems at path /Applications/Unity/Hub/Editor/2020.3.30f1/Unity.app/Contents/Resources/UnitySubsystems
[Subsystems] Discovering subsystems at path /Users/hiteshshridhar/Documents/unityProject/vrNewVersions/Ball_Ninja/Assets
GfxDevice: creating device client; threaded=0
2022-07-23 14:21:21.211 Unity[68867:3696364] (null) preferred device: Apple M1 (high power)
2022-07-23 14:21:21.211 Unity[68867:3696364] Metal devices available: 1
2022-07-23 14:21:21.212 Unity[68867:3696364] 0: Apple M1 (high power)
2022-07-23 14:21:21.212 Unity[68867:3696364] Using device Apple M1 (high power)
Initializing Metal device caps: Apple M1
Initialize mono
Mono path[0] = '/Applications/Unity/Hub/Editor/2020.3.30f1/Unity.app/Contents/Managed'
Mono path[1] = '/Applications/Unity/Hub/Editor/2020.3.30f1/Unity.app/Contents/MonoBleedingEdge/lib/mono/unityjit'
Mono config path = '/Applications/Unity/Hub/Editor/2020.3.30f1/Unity.app/Contents/MonoBleedingEdge/etc'
Using monoOptions --debugger-agent=transport=dt_socket,embedding=1,server=y,suspend=n,address=127.0.0.1:56867
Begin MonoManager ReloadAssembly
Registering precompiled unity dll's ...
Register platform support module: /Applications/Unity/Hub/Editor/2020.3.30f1/PlaybackEngines/WebGLSupport/UnityEditor.WebGL.Extensions.dll
Register platform support module: /Applications/Unity/Hub/Editor/2020.3.30f1/Unity.app/Contents/PlaybackEngines/MacStandaloneSupport/UnityEditor.OSXStandalone.Extensions.dll
Registered in 0.002083 seconds.
Native extension for OSXStandalone target not found
Native extension for WebGL target not found
Refreshing native plugins compatible for Editor in 51.28 ms, found 3 plugins.
Preloading 1 native plugins for Editor in 0.28 ms.
Mono: successfully reloaded assembly
- Completed reload, in  1.220 seconds
Domain Reload Profiling:
	ReloadAssembly (1221ms)
		BeginReloadAssembly (112ms)
			ExecutionOrderSort (0ms)
			DisableScriptedObjects (0ms)
			BackupInstance (0ms)
			ReleaseScriptingObjects (0ms)
			CreateAndSetChildDomain (2ms)
		EndReloadAssembly (1001ms)
			LoadAssemblies (111ms)
			RebuildTransferFunctionScriptingTraits (0ms)
			SetupTypeCache (173ms)
			ReleaseScriptCaches (0ms)
			RebuildScriptCaches (39ms)
			SetupLoadedEditorAssemblies (529ms)
				LogAssemblyErrors (0ms)
				InitializePlatformSupportModulesInManaged (13ms)
				SetLoadedEditorAssemblies (0ms)
				RefreshPlugins (52ms)
				BeforeProcessingInitializeOnLoad (77ms)
				ProcessInitializeOnLoadAttributes (290ms)
				ProcessInitializeOnLoadMethodAttributes (96ms)
				AfterProcessingInitializeOnLoad (0ms)
				EditorAssembliesLoaded (1ms)
			ExecutionOrderSort2 (0ms)
			AwakeInstancesAfterBackupRestoration (0ms)
Platform modules already initialized, skipping
Registering precompiled user dll's ...
Registered in 0.005803 seconds.
Begin MonoManager ReloadAssembly
Native extension for OSXStandalone target not found
Native extension for WebGL target not found
Refreshing native plugins compatible for Editor in 50.85 ms, found 3 plugins.
Preloading 1 native plugins for Editor in 0.28 ms.
Mono: successfully reloaded assembly
- Completed reload, in  2.374 seconds
Domain Reload Profiling:
	ReloadAssembly (2376ms)
		BeginReloadAssembly (249ms)
			ExecutionOrderSort (0ms)
			DisableScriptedObjects (33ms)
			BackupInstance (0ms)
			ReleaseScriptingObjects (0ms)
			CreateAndSetChildDomain (30ms)
		EndReloadAssembly (2041ms)
			LoadAssemblies (196ms)
			RebuildTransferFunctionScriptingTraits (0ms)
			SetupTypeCache (354ms)
			ReleaseScriptCaches (1ms)
			RebuildScriptCaches (61ms)
			SetupLoadedEditorAssemblies (1122ms)
				LogAssemblyErrors (0ms)
				InitializePlatformSupportModulesInManaged (11ms)
				SetLoadedEditorAssemblies (0ms)
				RefreshPlugins (51ms)
				BeforeProcessingInitializeOnLoad (178ms)
				ProcessInitializeOnLoadAttributes (853ms)
				ProcessInitializeOnLoadMethodAttributes (28ms)
				AfterProcessingInitializeOnLoad (1ms)
				EditorAssembliesLoaded (0ms)
			ExecutionOrderSort2 (0ms)
			AwakeInstancesAfterBackupRestoration (31ms)
Platform modules already initialized, skipping
Validating Project structure ... 0.001496 seconds.
Shader import version has changed; will reimport all shaders...
Upgrading shader files ...0.011091 seconds.
Application.AssetDatabase Initial Script Refresh Start
RefreshInfo: InitialScriptRefreshV2(NoUpdateAssetOptions) scanfilter:  ... 1 filters
RefreshProfiler: Total: 0.000ms
Application.AssetDatabase Initial Script Refresh End
Application.AssetDatabase.Refresh Start
Application.AssetDatabase.Refresh End
RefreshInfo: StopAssetImportingV2(ForceSynchronousImport) scanfilter: 
RefreshProfiler: Total: 0.000ms
Launching external process: /Applications/Unity/Hub/Editor/2020.3.30f1/Unity.app/Contents/Tools/UnityShaderCompiler
Launched and connected shader compiler UnityShaderCompiler after 0.02 seconds
Initializing Unity extensions:
2022-07-23 14:21:26.787 Unity[68867:3696364] NSEventModifierFlagFunction specified to -setKeyEquivalentModifierMask: for item <NSMenuItem: 0x600002d91dc0 Font Asset, ke='Command-F12'>, but is only supported for system-provided menu items; will not be used
2022-07-23 14:21:26.791 Unity[68867:3696364] NSEventModifierFlagFunction specified to -setKeyEquivalentModifierMask: for item <NSMenuItem: 0x600002ded5e0 Font Asset, ke='Command-F12'>, but is only supported for system-provided menu items; will not be used
========================================================================
Worker process is ready to serve import requests
Refreshing native plugins compatible for Editor in 0.60 ms, found 3 plugins.
Preloading 1 native plugins for Editor in 0.25 ms.
Unloading 2845 Unused Serialized files (Serialized files now loaded: 0)
System memory in use before: 241.6 MB.
System memory in use after: 240.9 MB.

Unloading 179 unused Assets to reduce memory usage. Loaded Objects now: 3322.
Total: 2.807834 ms (FindLiveObjects: 0.121875 ms CreateObjectMapping: 0.059333 ms MarkObjects: 2.203125 ms  DeleteObjects: 0.422875 ms)

AssetImportParameters requested are different than current active one (requested -> active):
  custom:video-decoder-ogg-theora: a1e56fd34408186e4bbccfd4996cb3dc -> 
  custom:container-muxer-webm: aa71ff27fc2769a1b78a27578f13a17b -> 
  custom:container-demuxer-webm: 4f35f7cbe854078d1ac9338744f61a02 -> 
  custom:container-demuxer-ogg: 62fdf1f143b41e24485cea50d1cbac27 -> 
  custom:video-encoder-webm-vp8: eb34c28f22e8b96e1ab97ce403110664 -> 
  custom:framework-osx-AVFoundation: e770b220cccbd017edd2c1fefb359320 -> 
  custom:video-decoder-webm-vp8: 9c59270c3fd7afecdb556c50c9e8de78 -> 
  custom:audio-decoder-ogg-vorbis: bf7c407c2cedff20999df2af8eb42d56 -> 
  custom:audio-encoder-webm-vorbis: bf7c407c2cedff20999df2af8eb42d56 -> 
========================================================================
Received Import Request.
  path: Assets/Scenes/Scenes.unity
  artifactKey: Guid(7a92c9ed48ed14a0288e73bd2044deac) Importer(815301076,1909f56bfc062723c751e8b465ee728b)
Start importing Assets/Scenes/Scenes.unity using Guid(7a92c9ed48ed14a0288e73bd2044deac) Importer(815301076,1909f56bfc062723c751e8b465ee728b)  -> (artifact id: '43a3791f675f1c87f2a6787b3560ed97') in 0.020660 seconds 
========================================================================
Received Import Request.
  Time since last request: 87.571872 seconds.
  path: Assets/Font/BebasNeue-Regular SDF.asset
  artifactKey: Guid(a649640b2a5241145a191337f4998b18) Importer(815301076,1909f56bfc062723c751e8b465ee728b)
Start importing Assets/Font/BebasNeue-Regular SDF.asset using Guid(a649640b2a5241145a191337f4998b18) Importer(815301076,1909f56bfc062723c751e8b465ee728b)  -> (artifact id: '69b9d5f42f68ac06a466ad03cbcfaa1d') in 0.747527 seconds 
========================================================================
Received Import Request.
  Time since last request: 109.719333 seconds.
  path: Assets/Skybox/skybox1.zip
  artifactKey: Guid(3301bee2a4f794f47bbdec14e23e9d4b) Importer(815301076,1909f56bfc062723c751e8b465ee728b)
Start importing Assets/Skybox/skybox1.zip using Guid(3301bee2a4f794f47bbdec14e23e9d4b) Importer(815301076,1909f56bfc062723c751e8b465ee728b)  -> (artifact id: 'ff261b71786763a52b0f4941f1174ae7') in 0.079447 seconds 
========================================================================
Received Import Request.
  Time since last request: 38.187339 seconds.
  path: Assets/Skybox/skybox1
  artifactKey: Guid(57c5f61f9e87048c7a95a002def3e594) Importer(815301076,1909f56bfc062723c751e8b465ee728b)
Start importing Assets/Skybox/skybox1 using Guid(57c5f61f9e87048c7a95a002def3e594) Importer(815301076,1909f56bfc062723c751e8b465ee728b)  -> (artifact id: 'd40518d78980f1d1a658f5a47cdb7f4f') in 0.002145 seconds 
========================================================================
Received Import Request.
  Time since last request: 137.814640 seconds.
  path: Assets/Skybox2
  artifactKey: Guid(38151f0bbff174c75993879d2f4a2022) Importer(815301076,1909f56bfc062723c751e8b465ee728b)
Start importing Assets/Skybox2 using Guid(38151f0bbff174c75993879d2f4a2022) Importer(815301076,1909f56bfc062723c751e8b465ee728b)  -> (artifact id: '5019042bb0fdc45597bba84b9ca136f7') in 0.001090 seconds 
========================================================================
Received Import Request.
  Time since last request: 18.555304 seconds.
  path: Assets/Skybox2/skybox1/right.png
  artifactKey: Guid(b45353e2e953f4d5bb936664d85de427) Importer(815301076,1909f56bfc062723c751e8b465ee728b)
Start importing Assets/Skybox2/skybox1/right.png using Guid(b45353e2e953f4d5bb936664d85de427) Importer(815301076,1909f56bfc062723c751e8b465ee728b)  -> (artifact id: 'b57205ca8f79126371ebffdc08a64706') in 0.522273 seconds 
========================================================================
Received Import Request.
  Time since last request: 0.679723 seconds.
  path: Assets/Skybox2/skybox1/top.png
  artifactKey: Guid(b38e742a4c74f42dda1942813eb280bf) Importer(815301076,1909f56bfc062723c751e8b465ee728b)
Start importing Assets/Skybox2/skybox1/top.png using Guid(b38e742a4c74f42dda1942813eb280bf) Importer(815301076,1909f56bfc062723c751e8b465ee728b)  -> (artifact id: 'a16e6756e7a381b8e28142ed8aa96bb9') in 0.012878 seconds 
========================================================================
Received Import Request.
  Time since last request: 10165.861574 seconds.
  path: Assets/Samples/2D SpriteShape/5.2.0/Sprite Shape Samples/3 Platformer.unity
  artifactKey: Guid(821f2d8bf21d24b0cb004c6339f75628) Importer(815301076,1909f56bfc062723c751e8b465ee728b)
Start importing Assets/Samples/2D SpriteShape/5.2.0/Sprite Shape Samples/3 Platformer.unity using Guid(821f2d8bf21d24b0cb004c6339f75628) Importer(815301076,1909f56bfc062723c751e8b465ee728b)  -> (artifact id: 'fd243c42dffa2320cdc66840d978e1b7') in 0.006776 seconds 
========================================================================
Received Import Request.
  Time since last request: 170.706152 seconds.
  path: Assets/Scenes/level2.unity
  artifactKey: Guid(7a92c9ed48ed14a0288e73bd2044deac) Importer(815301076,1909f56bfc062723c751e8b465ee728b)
Start importing Assets/Scenes/level2.unity using Guid(7a92c9ed48ed14a0288e73bd2044deac) Importer(815301076,1909f56bfc062723c751e8b465ee728b)  -> (artifact id: 'e5480dcf549358b9b0a61eb08bfee6ca') in 0.001710 seconds 
========================================================================
Received Import Request.
  Time since last request: 97.387880 seconds.
  path: Assets/Skybox2/skybox1/left.png
  artifactKey: Guid(8e7e6da8b894b4e629ffb635cbb13ce7) Importer(815301076,1909f56bfc062723c751e8b465ee728b)
Start importing Assets/Skybox2/skybox1/left.png using Guid(8e7e6da8b894b4e629ffb635cbb13ce7) Importer(815301076,1909f56bfc062723c751e8b465ee728b)  -> (artifact id: 'c7ed26e3e80c145a6255d5e27188aca2') in 0.026585 seconds 
========================================================================
Received Import Request.
  Time since last request: 3.886625 seconds.
  path: Assets/Skybox2/skybox1/front.png
  artifactKey: Guid(801f60936753b474bb7891331d1dbd3e) Importer(815301076,1909f56bfc062723c751e8b465ee728b)
Start importing Assets/Skybox2/skybox1/front.png using Guid(801f60936753b474bb7891331d1dbd3e) Importer(815301076,1909f56bfc062723c751e8b465ee728b)  -> (artifact id: '83b3f7d1286167e5dbb52984bc2d5904') in 0.011383 seconds 
========================================================================
Received Import Request.
  Time since last request: 9.334907 seconds.
  path: Assets/Skybox2/skybox1/bottom.png
  artifactKey: Guid(c97ee0e9d4dda4c3c8a2abf50caad576) Importer(815301076,1909f56bfc062723c751e8b465ee728b)
Start importing Assets/Skybox2/skybox1/bottom.png using Guid(c97ee0e9d4dda4c3c8a2abf50caad576) Importer(815301076,1909f56bfc062723c751e8b465ee728b)  -> (artifact id: 'cd3893686f1639c41c9fdd1906e7fa5d') in 0.010915 seconds 
========================================================================
Received Import Request.
  Time since last request: 3.332412 seconds.
  path: Assets/Skybox2/skybox1/back.png
  artifactKey: Guid(d8c87af4613034feb8aba583a72731c8) Importer(815301076,1909f56bfc062723c751e8b465ee728b)
Start importing Assets/Skybox2/skybox1/back.png using Guid(d8c87af4613034feb8aba583a72731c8) Importer(815301076,1909f56bfc062723c751e8b465ee728b)  -> (artifact id: 'a86022b7d3d28fec75dc4d586f87ee8b') in 0.011217 seconds 
========================================================================
Received Import Request.
  Time since last request: 288.354019 seconds.
  path: Assets/Skybox2/skybox1/cubemap.png
  artifactKey: Guid(9f10b900ea8834ec781c17f210addbd4) Importer(815301076,1909f56bfc062723c751e8b465ee728b)
Start importing Assets/Skybox2/skybox1/cubemap.png using Guid(9f10b900ea8834ec781c17f210addbd4) Importer(815301076,1909f56bfc062723c751e8b465ee728b)  -> (artifact id: '9a9f0ce370e960fdaa9c6a4ed1d8953f') in 0.011612 seconds 
========================================================================
Received Import Request.
  Time since last request: 212.869771 seconds.
  path: Assets/Prefabs/transfer Item.prefab
  artifactKey: Guid(591380b33e9454524bc7f10f459c7755) Importer(815301076,1909f56bfc062723c751e8b465ee728b)
Start importing Assets/Prefabs/transfer Item.prefab using Guid(591380b33e9454524bc7f10f459c7755) Importer(815301076,1909f56bfc062723c751e8b465ee728b)  -> (artifact id: '46c1454710adf1ae39173692d89b99c8') in 0.391097 seconds 
========================================================================
Received Import Request.
  Time since last request: 78.513660 seconds.
  path: Assets/Scenes/level2.unity
  artifactKey: Guid(7a92c9ed48ed14a0288e73bd2044deac) Importer(815301076,1909f56bfc062723c751e8b465ee728b)
Start importing Assets/Scenes/level2.unity using Guid(7a92c9ed48ed14a0288e73bd2044deac) Importer(815301076,1909f56bfc062723c751e8b465ee728b)  -> (artifact id: '23ec6c650f6499bbb200763d8484b993') in 0.003278 seconds 
========================================================================
Received Import Request.
  Time since last request: 211.357604 seconds.
  path: Assets/Prefabs/Block_Green.prefab
  artifactKey: Guid(588eb84cf491549ee87dce3bccb73f1b) Importer(815301076,1909f56bfc062723c751e8b465ee728b)
Start importing Assets/Prefabs/Block_Green.prefab using Guid(588eb84cf491549ee87dce3bccb73f1b) Importer(815301076,1909f56bfc062723c751e8b465ee728b)  -> (artifact id: '351d73c6d13c3a370d999c298be12182') in 0.018042 seconds 
========================================================================
Received Import Request.
  Time since last request: 81.743362 seconds.
  path: Assets/Prefabs/Block_Red.prefab
  artifactKey: Guid(f836fb056caf24c3fb70da875190187b) Importer(815301076,1909f56bfc062723c751e8b465ee728b)
Start importing Assets/Prefabs/Block_Red.prefab using Guid(f836fb056caf24c3fb70da875190187b) Importer(815301076,1909f56bfc062723c751e8b465ee728b)  -> (artifact id: 'fe3902b3795cc25031684af999e74f6a') in 0.016596 seconds 
========================================================================
Received Import Request.
  Time since last request: 24.752948 seconds.
  path: Assets/Prefabs/Block_Green 1.prefab
  artifactKey: Guid(4317f00718a0d4ba5b7b321ef5fef9e4) Importer(815301076,1909f56bfc062723c751e8b465ee728b)
Start importing Assets/Prefabs/Block_Green 1.prefab using Guid(4317f00718a0d4ba5b7b321ef5fef9e4) Importer(815301076,1909f56bfc062723c751e8b465ee728b)  -> (artifact id: '58b3e4f7b0f14d54da14dfe3e96eaabd') in 0.010045 seconds 
========================================================================
Received Import Request.
  Time since last request: 18.684959 seconds.
  path: Assets/Prefabs/Block_Gold.prefab
  artifactKey: Guid(4317f00718a0d4ba5b7b321ef5fef9e4) Importer(815301076,1909f56bfc062723c751e8b465ee728b)
Start importing Assets/Prefabs/Block_Gold.prefab using Guid(4317f00718a0d4ba5b7b321ef5fef9e4) Importer(815301076,1909f56bfc062723c751e8b465ee728b)  -> (artifact id: '81e033b2304200a59d96952b5b3b3a3f') in 0.012598 seconds 
========================================================================
Received Import Request.
  Time since last request: 83.702677 seconds.
  path: Assets/Prefabs/Block_Gold 1.prefab
  artifactKey: Guid(6d053dc3dd68a4fc99b6abe77efb73a8) Importer(815301076,1909f56bfc062723c751e8b465ee728b)
Start importing Assets/Prefabs/Block_Gold 1.prefab using Guid(6d053dc3dd68a4fc99b6abe77efb73a8) Importer(815301076,1909f56bfc062723c751e8b465ee728b)  -> (artifact id: 'd4a91b8274381b58f6c3d925bfe1289c') in 0.010956 seconds 
========================================================================
Received Import Request.
  Time since last request: 23.768761 seconds.
  path: Assets/Prefabs/Block_neon.prefab
  artifactKey: Guid(6d053dc3dd68a4fc99b6abe77efb73a8) Importer(815301076,1909f56bfc062723c751e8b465ee728b)
Start importing Assets/Prefabs/Block_neon.prefab using Guid(6d053dc3dd68a4fc99b6abe77efb73a8) Importer(815301076,1909f56bfc062723c751e8b465ee728b)  -> (artifact id: '676c318ebe20f3267b095c06a9c385b7') in 0.009978 seconds 
========================================================================
Received Import Request.
  Time since last request: 10.718138 seconds.
  path: Assets/Scenes/level2.unity
  artifactKey: Guid(7a92c9ed48ed14a0288e73bd2044deac) Importer(815301076,1909f56bfc062723c751e8b465ee728b)
Start importing Assets/Scenes/level2.unity using Guid(7a92c9ed48ed14a0288e73bd2044deac) Importer(815301076,1909f56bfc062723c751e8b465ee728b)  -> (artifact id: '33ff4e7b25ce257df4a56fdc6b00ebcc') in 0.003945 seconds 
========================================================================
Received Import Request.
  Time since last request: 536.208684 seconds.
  path: Assets/Prefabs/Block_Red.prefab
  artifactKey: Guid(f836fb056caf24c3fb70da875190187b) Importer(815301076,1909f56bfc062723c751e8b465ee728b)
Start importing Assets/Prefabs/Block_Red.prefab using Guid(f836fb056caf24c3fb70da875190187b) Importer(815301076,1909f56bfc062723c751e8b465ee728b)  -> (artifact id: '4fbfe77c4694f855e80c8d9efcb006c0') in 0.020555 seconds 
========================================================================
Received Import Request.
  Time since last request: 8.877843 seconds.
  path: Assets/Prefabs/Block_Green.prefab
  artifactKey: Guid(588eb84cf491549ee87dce3bccb73f1b) Importer(815301076,1909f56bfc062723c751e8b465ee728b)
Start importing Assets/Prefabs/Block_Green.prefab using Guid(588eb84cf491549ee87dce3bccb73f1b) Importer(815301076,1909f56bfc062723c751e8b465ee728b)  -> (artifact id: '8afb877f4e5a9853320e27546447d45c') in 0.015661 seconds 
========================================================================
Received Prepare
Registering precompiled user dll's ...
Registered in 0.008105 seconds.
Begin MonoManager ReloadAssembly
Native extension for OSXStandalone target not found
Native extension for WebGL target not found
Refreshing native plugins compatible for Editor in 0.69 ms, found 3 plugins.
Preloading 1 native plugins for Editor in 0.54 ms.
2022-07-23 19:02:29.610 Unity[68867:3696364] NSEventModifierFlagFunction specified to -setKeyEquivalentModifierMask: for item <NSMenuItem: 0x600002d999d0 Font Asset, ke='Command-F12'>, but is only supported for system-provided menu items; will not be used
Mono: successfully reloaded assembly
- Completed reload, in  2.390 seconds
Domain Reload Profiling:
	ReloadAssembly (2392ms)
		BeginReloadAssembly (299ms)
			ExecutionOrderSort (0ms)
			DisableScriptedObjects (34ms)
			BackupInstance (0ms)
			ReleaseScriptingObjects (0ms)
			CreateAndSetChildDomain (112ms)
		EndReloadAssembly (2006ms)
			LoadAssemblies (243ms)
			RebuildTransferFunctionScriptingTraits (0ms)
			SetupTypeCache (354ms)
			ReleaseScriptCaches (1ms)
			RebuildScriptCaches (49ms)
			SetupLoadedEditorAssemblies (1121ms)
				LogAssemblyErrors (0ms)
				InitializePlatformSupportModulesInManaged (12ms)
				SetLoadedEditorAssemblies (1ms)
				RefreshPlugins (1ms)
				BeforeProcessingInitializeOnLoad (231ms)
				ProcessInitializeOnLoadAttributes (848ms)
				ProcessInitializeOnLoadMethodAttributes (27ms)
				AfterProcessingInitializeOnLoad (1ms)
				EditorAssembliesLoaded (0ms)
			ExecutionOrderSort2 (0ms)
			AwakeInstancesAfterBackupRestoration (30ms)
Platform modules already initialized, skipping
Refreshing native plugins compatible for Editor in 0.61 ms, found 3 plugins.
Preloading 1 native plugins for Editor in 0.26 ms.
Unloading 2793 Unused Serialized files (Serialized files now loaded: 0)
System memory in use before: 255.4 MB.
System memory in use after: 255.7 MB.

Unloading 19 unused Assets to reduce memory usage. Loaded Objects now: 3371.
Total: 2.434417 ms (FindLiveObjects: 0.127292 ms CreateObjectMapping: 0.058042 ms MarkObjects: 2.188000 ms  DeleteObjects: 0.060250 ms)

AssetImportParameters requested are different than current active one (requested -> active):
  custom:video-decoder-ogg-theora: a1e56fd34408186e4bbccfd4996cb3dc -> 
  custom:container-muxer-webm: aa71ff27fc2769a1b78a27578f13a17b -> 
  custom:container-demuxer-webm: 4f35f7cbe854078d1ac9338744f61a02 -> 
  custom:container-demuxer-ogg: 62fdf1f143b41e24485cea50d1cbac27 -> 
  custom:video-encoder-webm-vp8: eb34c28f22e8b96e1ab97ce403110664 -> 
  custom:framework-osx-AVFoundation: e770b220cccbd017edd2c1fefb359320 -> 
  custom:video-decoder-webm-vp8: 9c59270c3fd7afecdb556c50c9e8de78 -> 
  custom:audio-decoder-ogg-vorbis: bf7c407c2cedff20999df2af8eb42d56 -> 
  custom:audio-encoder-webm-vorbis: bf7c407c2cedff20999df2af8eb42d56 -> 
========================================================================
Received Prepare
Registering precompiled user dll's ...
Registered in 0.007463 seconds.
Begin MonoManager ReloadAssembly
Native extension for OSXStandalone target not found
Native extension for WebGL target not found
Refreshing native plugins compatible for Editor in 0.64 ms, found 3 plugins.
Preloading 1 native plugins for Editor in 0.30 ms.
2022-07-23 19:06:16.395 Unity[68867:3696364] NSEventModifierFlagFunction specified to -setKeyEquivalentModifierMask: for item <NSMenuItem: 0x600002da4380 Font Asset, ke='Command-F12'>, but is only supported for system-provided menu items; will not be used
Mono: successfully reloaded assembly
- Completed reload, in  2.425 seconds
Domain Reload Profiling:
	ReloadAssembly (2426ms)
		BeginReloadAssembly (243ms)
			ExecutionOrderSort (0ms)
			DisableScriptedObjects (35ms)
			BackupInstance (0ms)
			ReleaseScriptingObjects (0ms)
			CreateAndSetChildDomain (64ms)
		EndReloadAssembly (2092ms)
			LoadAssemblies (230ms)
			RebuildTransferFunctionScriptingTraits (0ms)
			SetupTypeCache (346ms)
			ReleaseScriptCaches (1ms)
			RebuildScriptCaches (49ms)
			SetupLoadedEditorAssemblies (1208ms)
				LogAssemblyErrors (0ms)
				InitializePlatformSupportModulesInManaged (13ms)
				SetLoadedEditorAssemblies (1ms)
				RefreshPlugins (1ms)
				BeforeProcessingInitializeOnLoad (246ms)
				ProcessInitializeOnLoadAttributes (919ms)
				ProcessInitializeOnLoadMethodAttributes (27ms)
				AfterProcessingInitializeOnLoad (1ms)
				EditorAssembliesLoaded (0ms)
			ExecutionOrderSort2 (0ms)
			AwakeInstancesAfterBackupRestoration (31ms)
Platform modules already initialized, skipping
Refreshing native plugins compatible for Editor in 0.62 ms, found 3 plugins.
Preloading 1 native plugins for Editor in 0.26 ms.
Unloading 2793 Unused Serialized files (Serialized files now loaded: 0)
System memory in use before: 255.6 MB.
System memory in use after: 255.9 MB.

Unloading 15 unused Assets to reduce memory usage. Loaded Objects now: 3374.
Total: 2.335334 ms (FindLiveObjects: 0.110875 ms CreateObjectMapping: 0.059250 ms MarkObjects: 2.147125 ms  DeleteObjects: 0.017459 ms)

AssetImportParameters requested are different than current active one (requested -> active):
  custom:video-decoder-ogg-theora: a1e56fd34408186e4bbccfd4996cb3dc -> 
  custom:container-muxer-webm: aa71ff27fc2769a1b78a27578f13a17b -> 
  custom:container-demuxer-webm: 4f35f7cbe854078d1ac9338744f61a02 -> 
  custom:container-demuxer-ogg: 62fdf1f143b41e24485cea50d1cbac27 -> 
  custom:video-encoder-webm-vp8: eb34c28f22e8b96e1ab97ce403110664 -> 
  custom:framework-osx-AVFoundation: e770b220cccbd017edd2c1fefb359320 -> 
  custom:video-decoder-webm-vp8: 9c59270c3fd7afecdb556c50c9e8de78 -> 
  custom:audio-decoder-ogg-vorbis: bf7c407c2cedff20999df2af8eb42d56 -> 
  custom:audio-encoder-webm-vorbis: bf7c407c2cedff20999df2af8eb42d56 -> 
========================================================================
Received Prepare
Registering precompiled user dll's ...
Registered in 0.007291 seconds.
Begin MonoManager ReloadAssembly
Native extension for OSXStandalone target not found
Native extension for WebGL target not found
Refreshing native plugins compatible for Editor in 0.64 ms, found 3 plugins.
Preloading 1 native plugins for Editor in 0.29 ms.
2022-07-23 19:07:31.889 Unity[68867:3696364] NSEventModifierFlagFunction specified to -setKeyEquivalentModifierMask: for item <NSMenuItem: 0x600002d9cc40 Font Asset, ke='Command-F12'>, but is only supported for system-provided menu items; will not be used
Mono: successfully reloaded assembly
- Completed reload, in  2.208 seconds
Domain Reload Profiling:
	ReloadAssembly (2209ms)
		BeginReloadAssembly (206ms)
			ExecutionOrderSort (0ms)
			DisableScriptedObjects (30ms)
			BackupInstance (0ms)
			ReleaseScriptingObjects (0ms)
			CreateAndSetChildDomain (58ms)
		EndReloadAssembly (1918ms)
			LoadAssemblies (203ms)
			RebuildTransferFunctionScriptingTraits (0ms)
			SetupTypeCache (342ms)
			ReleaseScriptCaches (1ms)
			RebuildScriptCaches (48ms)
			SetupLoadedEditorAssemblies (1078ms)
				LogAssemblyErrors (0ms)
				InitializePlatformSupportModulesInManaged (11ms)
				SetLoadedEditorAssemblies (1ms)
				RefreshPlugins (1ms)
				BeforeProcessingInitializeOnLoad (224ms)
				ProcessInitializeOnLoadAttributes (814ms)
				ProcessInitializeOnLoadMethodAttributes (26ms)
				AfterProcessingInitializeOnLoad (1ms)
				EditorAssembliesLoaded (0ms)
			ExecutionOrderSort2 (0ms)
			AwakeInstancesAfterBackupRestoration (27ms)
Platform modules already initialized, skipping
Refreshing native plugins compatible for Editor in 0.65 ms, found 3 plugins.
Preloading 1 native plugins for Editor in 0.26 ms.
Unloading 2793 Unused Serialized files (Serialized files now loaded: 0)
System memory in use before: 255.9 MB.
System memory in use after: 256.1 MB.

Unloading 15 unused Assets to reduce memory usage. Loaded Objects now: 3377.
Total: 2.474458 ms (FindLiveObjects: 0.141875 ms CreateObjectMapping: 0.071125 ms MarkObjects: 2.237667 ms  DeleteObjects: 0.023208 ms)

AssetImportParameters requested are different than current active one (requested -> active):
  custom:video-decoder-ogg-theora: a1e56fd34408186e4bbccfd4996cb3dc -> 
  custom:container-muxer-webm: aa71ff27fc2769a1b78a27578f13a17b -> 
  custom:container-demuxer-webm: 4f35f7cbe854078d1ac9338744f61a02 -> 
  custom:container-demuxer-ogg: 62fdf1f143b41e24485cea50d1cbac27 -> 
  custom:video-encoder-webm-vp8: eb34c28f22e8b96e1ab97ce403110664 -> 
  custom:framework-osx-AVFoundation: e770b220cccbd017edd2c1fefb359320 -> 
  custom:video-decoder-webm-vp8: 9c59270c3fd7afecdb556c50c9e8de78 -> 
  custom:audio-decoder-ogg-vorbis: bf7c407c2cedff20999df2af8eb42d56 -> 
  custom:audio-encoder-webm-vorbis: bf7c407c2cedff20999df2af8eb42d56 -> 
========================================================================
Received Prepare
Registering precompiled user dll's ...
Registered in 0.008155 seconds.
Begin MonoManager ReloadAssembly
Native extension for OSXStandalone target not found
Native extension for WebGL target not found
Refreshing native plugins compatible for Editor in 0.69 ms, found 3 plugins.
Preloading 1 native plugins for Editor in 0.51 ms.
2022-07-23 19:14:23.652 Unity[68867:3696364] NSEventModifierFlagFunction specified to -setKeyEquivalentModifierMask: for item <NSMenuItem: 0x600002d8ce00 Font Asset, ke='Command-F12'>, but is only supported for system-provided menu items; will not be used
Mono: successfully reloaded assembly
- Completed reload, in  2.566 seconds
Domain Reload Profiling:
	ReloadAssembly (2567ms)
		BeginReloadAssembly (260ms)
			ExecutionOrderSort (0ms)
			DisableScriptedObjects (35ms)
			BackupInstance (0ms)
			ReleaseScriptingObjects (0ms)
			CreateAndSetChildDomain (91ms)
		EndReloadAssembly (2216ms)
			LoadAssemblies (231ms)
			RebuildTransferFunctionScriptingTraits (0ms)
			SetupTypeCache (377ms)
			ReleaseScriptCaches (1ms)
			RebuildScriptCaches (52ms)
			SetupLoadedEditorAssemblies (1272ms)
				LogAssemblyErrors (0ms)
				InitializePlatformSupportModulesInManaged (12ms)
				SetLoadedEditorAssemblies (2ms)
				RefreshPlugins (1ms)
				BeforeProcessingInitializeOnLoad (258ms)
				ProcessInitializeOnLoadAttributes (977ms)
				ProcessInitializeOnLoadMethodAttributes (22ms)
				AfterProcessingInitializeOnLoad (1ms)
				EditorAssembliesLoaded (0ms)
			ExecutionOrderSort2 (0ms)
			AwakeInstancesAfterBackupRestoration (29ms)
Platform modules already initialized, skipping
Refreshing native plugins compatible for Editor in 0.62 ms, found 3 plugins.
Preloading 1 native plugins for Editor in 0.27 ms.
Unloading 2796 Unused Serialized files (Serialized files now loaded: 0)
System memory in use before: 256.2 MB.
System memory in use after: 256.4 MB.

Unloading 15 unused Assets to reduce memory usage. Loaded Objects now: 3383.
Total: 2.377333 ms (FindLiveObjects: 0.133500 ms CreateObjectMapping: 0.058958 ms MarkObjects: 2.155458 ms  DeleteObjects: 0.028750 ms)

AssetImportParameters requested are different than current active one (requested -> active):
  custom:video-decoder-ogg-theora: a1e56fd34408186e4bbccfd4996cb3dc -> 
  custom:container-muxer-webm: aa71ff27fc2769a1b78a27578f13a17b -> 
  custom:container-demuxer-webm: 4f35f7cbe854078d1ac9338744f61a02 -> 
  custom:container-demuxer-ogg: 62fdf1f143b41e24485cea50d1cbac27 -> 
  custom:video-encoder-webm-vp8: eb34c28f22e8b96e1ab97ce403110664 -> 
  custom:framework-osx-AVFoundation: e770b220cccbd017edd2c1fefb359320 -> 
  custom:video-decoder-webm-vp8: 9c59270c3fd7afecdb556c50c9e8de78 -> 
  custom:audio-decoder-ogg-vorbis: bf7c407c2cedff20999df2af8eb42d56 -> 
  custom:audio-encoder-webm-vorbis: bf7c407c2cedff20999df2af8eb42d56 -> 
========================================================================
Received Import Request.
  Time since last request: 5156.700088 seconds.
  path: Assets/Scenes/SampleScene 1
  artifactKey: Guid(ea503b07da771429781947abcf9c826b) Importer(815301076,1909f56bfc062723c751e8b465ee728b)
Start importing Assets/Scenes/SampleScene 1 using Guid(ea503b07da771429781947abcf9c826b) Importer(815301076,1909f56bfc062723c751e8b465ee728b)  -> (artifact id: '8815a5856c0d20d072bedd579edb89c4') in 0.006193 seconds 
========================================================================
Received Import Request.
  Time since last request: 3.368836 seconds.
  path: Assets/Scenes/SampleScene.unity
  artifactKey: Guid(9fc0d4010bbf28b4594072e72b8655ab) Importer(815301076,1909f56bfc062723c751e8b465ee728b)
Start importing Assets/Scenes/SampleScene.unity using Guid(9fc0d4010bbf28b4594072e72b8655ab) Importer(815301076,1909f56bfc062723c751e8b465ee728b)  -> (artifact id: '05aa47fba76bad7e4e11377a964b0e64') in 0.026593 seconds 
========================================================================
Received Prepare
Registering precompiled user dll's ...
Registered in 0.010010 seconds.
Begin MonoManager ReloadAssembly
Native extension for OSXStandalone target not found
Native extension for WebGL target not found
Refreshing native plugins compatible for Editor in 0.89 ms, found 3 plugins.
Preloading 1 native plugins for Editor in 1.04 ms.
2022-07-23 20:14:12.679 Unity[68867:3696364] NSEventModifierFlagFunction specified to -setKeyEquivalentModifierMask: for item <NSMenuItem: 0x600002d974f0 Font Asset, ke='Command-F12'>, but is only supported for system-provided menu items; will not be used
Mono: successfully reloaded assembly
- Completed reload, in  3.087 seconds
Domain Reload Profiling:
	ReloadAssembly (3091ms)
		BeginReloadAssembly (380ms)
			ExecutionOrderSort (0ms)
			DisableScriptedObjects (62ms)
			BackupInstance (0ms)
			ReleaseScriptingObjects (0ms)
			CreateAndSetChildDomain (116ms)
		EndReloadAssembly (2603ms)
			LoadAssemblies (307ms)
			RebuildTransferFunctionScriptingTraits (0ms)
			SetupTypeCache (398ms)
			ReleaseScriptCaches (1ms)
			RebuildScriptCaches (54ms)
			SetupLoadedEditorAssemblies (1537ms)
				LogAssemblyErrors (0ms)
				InitializePlatformSupportModulesInManaged (17ms)
				SetLoadedEditorAssemblies (2ms)
				RefreshPlugins (2ms)
				BeforeProcessingInitializeOnLoad (300ms)
				ProcessInitializeOnLoadAttributes (1177ms)
				ProcessInitializeOnLoadMethodAttributes (37ms)
				AfterProcessingInitializeOnLoad (1ms)
				EditorAssembliesLoaded (0ms)
			ExecutionOrderSort2 (0ms)
			AwakeInstancesAfterBackupRestoration (44ms)
Platform modules already initialized, skipping
Refreshing native plugins compatible for Editor in 0.77 ms, found 3 plugins.
Preloading 1 native plugins for Editor in 0.31 ms.
Unloading 2796 Unused Serialized files (Serialized files now loaded: 0)
System memory in use before: 256.4 MB.
System memory in use after: 256.6 MB.

Unloading 15 unused Assets to reduce memory usage. Loaded Objects now: 3386.
Total: 3.153750 ms (FindLiveObjects: 0.195667 ms CreateObjectMapping: 0.074708 ms MarkObjects: 2.843708 ms  DeleteObjects: 0.038333 ms)

AssetImportParameters requested are different than current active one (requested -> active):
  custom:video-decoder-ogg-theora: a1e56fd34408186e4bbccfd4996cb3dc -> 
  custom:container-muxer-webm: aa71ff27fc2769a1b78a27578f13a17b -> 
  custom:container-demuxer-webm: 4f35f7cbe854078d1ac9338744f61a02 -> 
  custom:container-demuxer-ogg: 62fdf1f143b41e24485cea50d1cbac27 -> 
  custom:video-encoder-webm-vp8: eb34c28f22e8b96e1ab97ce403110664 -> 
  custom:framework-osx-AVFoundation: e770b220cccbd017edd2c1fefb359320 -> 
  custom:video-decoder-webm-vp8: 9c59270c3fd7afecdb556c50c9e8de78 -> 
  custom:audio-decoder-ogg-vorbis: bf7c407c2cedff20999df2af8eb42d56 -> 
  custom:audio-encoder-webm-vorbis: bf7c407c2cedff20999df2af8eb42d56 -> 
========================================================================
Received Import Request.
  Time since last request: 3765.327386 seconds.
  path: Packages/com.unity.xr.interaction.toolkit/Runtime/Interaction/XRInteractionManager.cs
  artifactKey: Guid(83e4e6cca11330d4088d729ab4fc9d9f) Importer(815301076,1909f56bfc062723c751e8b465ee728b)
Start importing Packages/com.unity.xr.interaction.toolkit/Runtime/Interaction/XRInteractionManager.cs using Guid(83e4e6cca11330d4088d729ab4fc9d9f) Importer(815301076,1909f56bfc062723c751e8b465ee728b)  -> (artifact id: '652554534a41beac4500d66c6e99d714') in 0.095532 seconds 
========================================================================
Received Import Request.
  Time since last request: 2.192990 seconds.
  path: Packages/com.unity.xr.interaction.toolkit/Runtime/Interaction/Layers
  artifactKey: Guid(5f5da51b342eeb74b984c89ee1852db9) Importer(815301076,1909f56bfc062723c751e8b465ee728b)
Start importing Packages/com.unity.xr.interaction.toolkit/Runtime/Interaction/Layers using Guid(5f5da51b342eeb74b984c89ee1852db9) Importer(815301076,1909f56bfc062723c751e8b465ee728b)  -> (artifact id: '828b66b23026c84487d983f9dc05893a') in 0.001747 seconds 
========================================================================
Received Import Request.
  Time since last request: 2.240172 seconds.
  path: Packages/com.unity.xr.interaction.toolkit/Runtime/Interaction/Interactors
  artifactKey: Guid(1e355f38e358683479a2b369bb566c5a) Importer(815301076,1909f56bfc062723c751e8b465ee728b)
Start importing Packages/com.unity.xr.interaction.toolkit/Runtime/Interaction/Interactors using Guid(1e355f38e358683479a2b369bb566c5a) Importer(815301076,1909f56bfc062723c751e8b465ee728b)  -> (artifact id: '8252c2b9cd892510f803ceba1e38ba41') in 0.002050 seconds 
========================================================================
Received Import Request.
  Time since last request: 1.037401 seconds.
  path: Packages/com.unity.xr.interaction.toolkit/Runtime/Interaction/Interactables
  artifactKey: Guid(a987a99cd15347747ac5a77f974d9bb7) Importer(815301076,1909f56bfc062723c751e8b465ee728b)
Start importing Packages/com.unity.xr.interaction.toolkit/Runtime/Interaction/Interactables using Guid(a987a99cd15347747ac5a77f974d9bb7) Importer(815301076,1909f56bfc062723c751e8b465ee728b)  -> (artifact id: '8a85ebf55a4894210ffc1e118118d791') in 0.002091 seconds 
========================================================================
Received Import Request.
  Time since last request: 0.403970 seconds.
  path: Packages/com.unity.xr.interaction.toolkit/Runtime/Interaction/Controllers
  artifactKey: Guid(7c054e793b25ff44099bb3f19a3bb165) Importer(815301076,1909f56bfc062723c751e8b465ee728b)
Start importing Packages/com.unity.xr.interaction.toolkit/Runtime/Interaction/Controllers using Guid(7c054e793b25ff44099bb3f19a3bb165) Importer(815301076,1909f56bfc062723c751e8b465ee728b)  -> (artifact id: '560b4f7b199b3b10d979301c672ba0a0') in 0.001992 seconds 
========================================================================
Received Import Request.
  Time since last request: 0.408580 seconds.
  path: Packages/com.unity.xr.interaction.toolkit/Runtime/Interaction/Attributes
  artifactKey: Guid(35c650f46c6d5f641b6253740f7e3d49) Importer(815301076,1909f56bfc062723c751e8b465ee728b)
Start importing Packages/com.unity.xr.interaction.toolkit/Runtime/Interaction/Attributes using Guid(35c650f46c6d5f641b6253740f7e3d49) Importer(815301076,1909f56bfc062723c751e8b465ee728b)  -> (artifact id: 'a881789455c7032ad22a749985706c94') in 0.002095 seconds 
========================================================================
Received Import Request.
  Time since last request: 1.381414 seconds.
  path: Packages/com.unity.xr.interaction.toolkit/Runtime/Interaction/XRInteractionEvents.cs
  artifactKey: Guid(771f39ba87bd85c4486262968b641c1a) Importer(815301076,1909f56bfc062723c751e8b465ee728b)
Start importing Packages/com.unity.xr.interaction.toolkit/Runtime/Interaction/XRInteractionEvents.cs using Guid(771f39ba87bd85c4486262968b641c1a) Importer(815301076,1909f56bfc062723c751e8b465ee728b)  -> (artifact id: '3adb14d6849024ce95008a358509beec') in 0.002346 seconds 
========================================================================
Received Prepare
Registering precompiled user dll's ...
Registered in 0.007135 seconds.
Begin MonoManager ReloadAssembly
Native extension for OSXStandalone target not found
Native extension for WebGL target not found
Refreshing native plugins compatible for Editor in 0.65 ms, found 3 plugins.
Preloading 1 native plugins for Editor in 0.28 ms.
2022-07-23 20:18:03.180 Unity[68867:3696364] NSEventModifierFlagFunction specified to -setKeyEquivalentModifierMask: for item <NSMenuItem: 0x600002de8850 Font Asset, ke='Command-F12'>, but is only supported for system-provided menu items; will not be used
Mono: successfully reloaded assembly
- Completed reload, in  2.326 seconds
Domain Reload Profiling:
	ReloadAssembly (2326ms)
		BeginReloadAssembly (212ms)
			ExecutionOrderSort (0ms)
			DisableScriptedObjects (28ms)
			BackupInstance (0ms)
			ReleaseScriptingObjects (0ms)
			CreateAndSetChildDomain (59ms)
		EndReloadAssembly (2026ms)
			LoadAssemblies (221ms)
			RebuildTransferFunctionScriptingTraits (0ms)
			SetupTypeCache (348ms)
			ReleaseScriptCaches (1ms)
			RebuildScriptCaches (49ms)
			SetupLoadedEditorAssemblies (1156ms)
				LogAssemblyErrors (0ms)
				InitializePlatformSupportModulesInManaged (12ms)
				SetLoadedEditorAssemblies (1ms)
				RefreshPlugins (1ms)
				BeforeProcessingInitializeOnLoad (245ms)
				ProcessInitializeOnLoadAttributes (872ms)
				ProcessInitializeOnLoadMethodAttributes (25ms)
				AfterProcessingInitializeOnLoad (1ms)
				EditorAssembliesLoaded (0ms)
			ExecutionOrderSort2 (0ms)
			AwakeInstancesAfterBackupRestoration (29ms)
Platform modules already initialized, skipping
Refreshing native plugins compatible for Editor in 0.67 ms, found 3 plugins.
Preloading 1 native plugins for Editor in 0.26 ms.
Unloading 2796 Unused Serialized files (Serialized files now loaded: 0)
System memory in use before: 260.8 MB.
System memory in use after: 261.0 MB.

Unloading 15 unused Assets to reduce memory usage. Loaded Objects now: 3389.
Total: 2.503292 ms (FindLiveObjects: 0.140666 ms CreateObjectMapping: 0.060000 ms MarkObjects: 2.282000 ms  DeleteObjects: 0.019583 ms)

AssetImportParameters requested are different than current active one (requested -> active):
  custom:video-decoder-ogg-theora: a1e56fd34408186e4bbccfd4996cb3dc -> 
  custom:container-muxer-webm: aa71ff27fc2769a1b78a27578f13a17b -> 
  custom:container-demuxer-webm: 4f35f7cbe854078d1ac9338744f61a02 -> 
  custom:container-demuxer-ogg: 62fdf1f143b41e24485cea50d1cbac27 -> 
  custom:video-encoder-webm-vp8: eb34c28f22e8b96e1ab97ce403110664 -> 
  custom:framework-osx-AVFoundation: e770b220cccbd017edd2c1fefb359320 -> 
  custom:video-decoder-webm-vp8: 9c59270c3fd7afecdb556c50c9e8de78 -> 
  custom:audio-decoder-ogg-vorbis: bf7c407c2cedff20999df2af8eb42d56 -> 
  custom:audio-encoder-webm-vorbis: bf7c407c2cedff20999df2af8eb42d56 -> 
========================================================================
Received Import Request.
  Time since last request: 131.564092 seconds.
  path: Assets/Scenes/level1.unity
  artifactKey: Guid(9fc0d4010bbf28b4594072e72b8655ab) Importer(815301076,1909f56bfc062723c751e8b465ee728b)
Start importing Assets/Scenes/level1.unity using Guid(9fc0d4010bbf28b4594072e72b8655ab) Importer(815301076,1909f56bfc062723c751e8b465ee728b)  -> (artifact id: 'ed6b00be8c2bf166e3e9723518760304') in 0.027990 seconds 
========================================================================
Received Prepare
Registering precompiled user dll's ...
Registered in 0.005864 seconds.
Begin MonoManager ReloadAssembly
Native extension for OSXStandalone target not found
Native extension for WebGL target not found
Refreshing native plugins compatible for Editor in 0.86 ms, found 3 plugins.
Preloading 1 native plugins for Editor in 0.54 ms.
2022-07-23 20:24:16.384 Unity[68867:3696364] NSEventModifierFlagFunction specified to -setKeyEquivalentModifierMask: for item <NSMenuItem: 0x600002d96fb0 Font Asset, ke='Command-F12'>, but is only supported for system-provided menu items; will not be used
Mono: successfully reloaded assembly
- Completed reload, in  2.467 seconds
Domain Reload Profiling:
	ReloadAssembly (2468ms)
		BeginReloadAssembly (228ms)
			ExecutionOrderSort (0ms)
			DisableScriptedObjects (31ms)
			BackupInstance (0ms)
			ReleaseScriptingObjects (0ms)
			CreateAndSetChildDomain (83ms)
		EndReloadAssembly (2148ms)
			LoadAssemblies (190ms)
			RebuildTransferFunctionScriptingTraits (0ms)
			SetupTypeCache (384ms)
			ReleaseScriptCaches (1ms)
			RebuildScriptCaches (52ms)
			SetupLoadedEditorAssemblies (1217ms)
				LogAssemblyErrors (0ms)
				InitializePlatformSupportModulesInManaged (17ms)
				SetLoadedEditorAssemblies (2ms)
				RefreshPlugins (1ms)
				BeforeProcessingInitializeOnLoad (253ms)
				ProcessInitializeOnLoadAttributes (919ms)
				ProcessInitializeOnLoadMethodAttributes (24ms)
				AfterProcessingInitializeOnLoad (1ms)
				EditorAssembliesLoaded (0ms)
			ExecutionOrderSort2 (0ms)
			AwakeInstancesAfterBackupRestoration (30ms)
Platform modules already initialized, skipping
Refreshing native plugins compatible for Editor in 0.64 ms, found 3 plugins.
Preloading 1 native plugins for Editor in 0.25 ms.
Unloading 2796 Unused Serialized files (Serialized files now loaded: 0)
System memory in use before: 261.0 MB.
System memory in use after: 261.2 MB.

Unloading 15 unused Assets to reduce memory usage. Loaded Objects now: 3392.
Total: 2.384958 ms (FindLiveObjects: 0.125292 ms CreateObjectMapping: 0.059250 ms MarkObjects: 2.168833 ms  DeleteObjects: 0.030708 ms)

AssetImportParameters requested are different than current active one (requested -> active):
  custom:video-decoder-ogg-theora: a1e56fd34408186e4bbccfd4996cb3dc -> 
  custom:container-muxer-webm: aa71ff27fc2769a1b78a27578f13a17b -> 
  custom:container-demuxer-webm: 4f35f7cbe854078d1ac9338744f61a02 -> 
  custom:container-demuxer-ogg: 62fdf1f143b41e24485cea50d1cbac27 -> 
  custom:video-encoder-webm-vp8: eb34c28f22e8b96e1ab97ce403110664 -> 
  custom:framework-osx-AVFoundation: e770b220cccbd017edd2c1fefb359320 -> 
  custom:video-decoder-webm-vp8: 9c59270c3fd7afecdb556c50c9e8de78 -> 
  custom:audio-decoder-ogg-vorbis: bf7c407c2cedff20999df2af8eb42d56 -> 
  custom:audio-encoder-webm-vorbis: bf7c407c2cedff20999df2af8eb42d56 -> 
========================================================================
Received Prepare
Registering precompiled user dll's ...
Registered in 0.007688 seconds.
Begin MonoManager ReloadAssembly
Native extension for OSXStandalone target not found
Native extension for WebGL target not found
Refreshing native plugins compatible for Editor in 0.67 ms, found 3 plugins.
Preloading 1 native plugins for Editor in 0.32 ms.
2022-07-23 20:24:33.160 Unity[68867:3696364] NSEventModifierFlagFunction specified to -setKeyEquivalentModifierMask: for item <NSMenuItem: 0x600002d8ad10 Font Asset, ke='Command-F12'>, but is only supported for system-provided menu items; will not be used
Mono: successfully reloaded assembly
- Completed reload, in  2.378 seconds
Domain Reload Profiling:
	ReloadAssembly (2378ms)
		BeginReloadAssembly (198ms)
			ExecutionOrderSort (0ms)
			DisableScriptedObjects (31ms)
			BackupInstance (0ms)
			ReleaseScriptingObjects (0ms)
			CreateAndSetChildDomain (61ms)
		EndReloadAssembly (2090ms)
			LoadAssemblies (193ms)
			RebuildTransferFunctionScriptingTraits (0ms)
			SetupTypeCache (367ms)
			ReleaseScriptCaches (1ms)
			RebuildScriptCaches (51ms)
			SetupLoadedEditorAssemblies (1192ms)
				LogAssemblyErrors (0ms)
				InitializePlatformSupportModulesInManaged (21ms)
				SetLoadedEditorAssemblies (1ms)
				RefreshPlugins (1ms)
				BeforeProcessingInitializeOnLoad (242ms)
				ProcessInitializeOnLoadAttributes (903ms)
				ProcessInitializeOnLoadMethodAttributes (23ms)
				AfterProcessingInitializeOnLoad (1ms)
				EditorAssembliesLoaded (0ms)
			ExecutionOrderSort2 (0ms)
			AwakeInstancesAfterBackupRestoration (29ms)
Platform modules already initialized, skipping
Refreshing native plugins compatible for Editor in 0.74 ms, found 3 plugins.
Preloading 1 native plugins for Editor in 0.32 ms.
Unloading 2796 Unused Serialized files (Serialized files now loaded: 0)
System memory in use before: 261.2 MB.
System memory in use after: 261.4 MB.

Unloading 15 unused Assets to reduce memory usage. Loaded Objects now: 3395.
Total: 2.405708 ms (FindLiveObjects: 0.115375 ms CreateObjectMapping: 0.060292 ms MarkObjects: 2.212791 ms  DeleteObjects: 0.016250 ms)

AssetImportParameters requested are different than current active one (requested -> active):
  custom:video-decoder-ogg-theora: a1e56fd34408186e4bbccfd4996cb3dc -> 
  custom:container-muxer-webm: aa71ff27fc2769a1b78a27578f13a17b -> 
  custom:container-demuxer-webm: 4f35f7cbe854078d1ac9338744f61a02 -> 
  custom:container-demuxer-ogg: 62fdf1f143b41e24485cea50d1cbac27 -> 
  custom:video-encoder-webm-vp8: eb34c28f22e8b96e1ab97ce403110664 -> 
  custom:framework-osx-AVFoundation: e770b220cccbd017edd2c1fefb359320 -> 
  custom:video-decoder-webm-vp8: 9c59270c3fd7afecdb556c50c9e8de78 -> 
  custom:audio-decoder-ogg-vorbis: bf7c407c2cedff20999df2af8eb42d56 -> 
  custom:audio-encoder-webm-vorbis: bf7c407c2cedff20999df2af8eb42d56 -> 
========================================================================
Received Import Request.
  Time since last request: 1437.831662 seconds.
  path: Assets/Scenes/level2.unity
  artifactKey: Guid(7a92c9ed48ed14a0288e73bd2044deac) Importer(815301076,1909f56bfc062723c751e8b465ee728b)
Start importing Assets/Scenes/level2.unity using Guid(7a92c9ed48ed14a0288e73bd2044deac) Importer(815301076,1909f56bfc062723c751e8b465ee728b)  -> (artifact id: '66ba4f60c0c39ca6beed9df18f485cb9') in 0.069699 seconds 
========================================================================
Received Import Request.
  Time since last request: 190.004834 seconds.
  path: Assets/Scenes/level1.unity
  artifactKey: Guid(9fc0d4010bbf28b4594072e72b8655ab) Importer(815301076,1909f56bfc062723c751e8b465ee728b)
Start importing Assets/Scenes/level1.unity using Guid(9fc0d4010bbf28b4594072e72b8655ab) Importer(815301076,1909f56bfc062723c751e8b465ee728b)  -> (artifact id: '74900eefd8ef8630fb8f2a908e5336b3') in 0.004398 seconds 
========================================================================
Received Import Request.
  Time since last request: 59388.593632 seconds.
  path: Assets/Font/BebasNeue-Regular SDF.asset
  artifactKey: Guid(a649640b2a5241145a191337f4998b18) Importer(815301076,1909f56bfc062723c751e8b465ee728b)
Start importing Assets/Font/BebasNeue-Regular SDF.asset using Guid(a649640b2a5241145a191337f4998b18) Importer(815301076,1909f56bfc062723c751e8b465ee728b)  -> (artifact id: '967de1ac353e5e1f886a4e1fe0e30bf9') in 0.468117 seconds 
========================================================================
Received Prepare
Registering precompiled user dll's ...
Registered in 0.007473 seconds.
Begin MonoManager ReloadAssembly
Native extension for OSXStandalone target not found
Native extension for WebGL target not found
Refreshing native plugins compatible for Editor in 0.70 ms, found 3 plugins.
Preloading 1 native plugins for Editor in 0.92 ms.
2022-07-24 14:14:14.564 Unity[68867:3696364] NSEventModifierFlagFunction specified to -setKeyEquivalentModifierMask: for item <NSMenuItem: 0x600002d8af40 Font Asset, ke='Command-F12'>, but is only supported for system-provided menu items; will not be used
Mono: successfully reloaded assembly
- Completed reload, in  2.591 seconds
Domain Reload Profiling:
	ReloadAssembly (2592ms)
		BeginReloadAssembly (278ms)
			ExecutionOrderSort (0ms)
			DisableScriptedObjects (39ms)
			BackupInstance (0ms)
			ReleaseScriptingObjects (0ms)
			CreateAndSetChildDomain (102ms)
		EndReloadAssembly (2211ms)
			LoadAssemblies (220ms)
			RebuildTransferFunctionScriptingTraits (0ms)
			SetupTypeCache (389ms)
			ReleaseScriptCaches (1ms)
			RebuildScriptCaches (56ms)
			SetupLoadedEditorAssemblies (1255ms)
				LogAssemblyErrors (0ms)
				InitializePlatformSupportModulesInManaged (12ms)
				SetLoadedEditorAssemblies (1ms)
				RefreshPlugins (2ms)
				BeforeProcessingInitializeOnLoad (247ms)
				ProcessInitializeOnLoadAttributes (965ms)
				ProcessInitializeOnLoadMethodAttributes (27ms)
				AfterProcessingInitializeOnLoad (1ms)
				EditorAssembliesLoaded (0ms)
			ExecutionOrderSort2 (0ms)
			AwakeInstancesAfterBackupRestoration (33ms)
Platform modules already initialized, skipping
Refreshing native plugins compatible for Editor in 0.81 ms, found 3 plugins.
Preloading 1 native plugins for Editor in 0.31 ms.
Unloading 2797 Unused Serialized files (Serialized files now loaded: 0)
System memory in use before: 261.5 MB.
System memory in use after: 261.7 MB.

Unloading 15 unused Assets to reduce memory usage. Loaded Objects now: 3401.
Total: 3.689416 ms (FindLiveObjects: 0.160667 ms CreateObjectMapping: 0.059416 ms MarkObjects: 3.423834 ms  DeleteObjects: 0.044500 ms)

AssetImportParameters requested are different than current active one (requested -> active):
  custom:video-decoder-ogg-theora: a1e56fd34408186e4bbccfd4996cb3dc -> 
  custom:container-muxer-webm: aa71ff27fc2769a1b78a27578f13a17b -> 
  custom:container-demuxer-webm: 4f35f7cbe854078d1ac9338744f61a02 -> 
  custom:container-demuxer-ogg: 62fdf1f143b41e24485cea50d1cbac27 -> 
  custom:video-encoder-webm-vp8: eb34c28f22e8b96e1ab97ce403110664 -> 
  custom:framework-osx-AVFoundation: e770b220cccbd017edd2c1fefb359320 -> 
  custom:video-decoder-webm-vp8: 9c59270c3fd7afecdb556c50c9e8de78 -> 
  custom:audio-decoder-ogg-vorbis: bf7c407c2cedff20999df2af8eb42d56 -> 
  custom:audio-encoder-webm-vorbis: bf7c407c2cedff20999df2af8eb42d56 -> 
========================================================================
Received Prepare
Registering precompiled user dll's ...
Registered in 0.008259 seconds.
Begin MonoManager ReloadAssembly
Native extension for OSXStandalone target not found
Native extension for WebGL target not found
Refreshing native plugins compatible for Editor in 0.75 ms, found 3 plugins.
Preloading 1 native plugins for Editor in 0.50 ms.
2022-07-24 14:15:04.099 Unity[68867:3696364] NSEventModifierFlagFunction specified to -setKeyEquivalentModifierMask: for item <NSMenuItem: 0x600002d9e1b0 Font Asset, ke='Command-F12'>, but is only supported for system-provided menu items; will not be used
Mono: successfully reloaded assembly
- Completed reload, in  2.643 seconds
Domain Reload Profiling:
	ReloadAssembly (2650ms)
		BeginReloadAssembly (270ms)
			ExecutionOrderSort (0ms)
			DisableScriptedObjects (38ms)
			BackupInstance (0ms)
			ReleaseScriptingObjects (0ms)
			CreateAndSetChildDomain (96ms)
		EndReloadAssembly (2278ms)
			LoadAssemblies (234ms)
			RebuildTransferFunctionScriptingTraits (0ms)
			SetupTypeCache (395ms)
			ReleaseScriptCaches (1ms)
			RebuildScriptCaches (51ms)
			SetupLoadedEditorAssemblies (1280ms)
				LogAssemblyErrors (0ms)
				InitializePlatformSupportModulesInManaged (13ms)
				SetLoadedEditorAssemblies (1ms)
				RefreshPlugins (1ms)
				BeforeProcessingInitializeOnLoad (274ms)
				ProcessInitializeOnLoadAttributes (961ms)
				ProcessInitializeOnLoadMethodAttributes (28ms)
				AfterProcessingInitializeOnLoad (1ms)
				EditorAssembliesLoaded (0ms)
			ExecutionOrderSort2 (0ms)
			AwakeInstancesAfterBackupRestoration (34ms)
Platform modules already initialized, skipping
Refreshing native plugins compatible for Editor in 0.64 ms, found 3 plugins.
Preloading 1 native plugins for Editor in 0.26 ms.
Unloading 2797 Unused Serialized files (Serialized files now loaded: 0)
System memory in use before: 261.7 MB.
System memory in use after: 261.9 MB.

Unloading 15 unused Assets to reduce memory usage. Loaded Objects now: 3404.
Total: 2.432875 ms (FindLiveObjects: 0.153458 ms CreateObjectMapping: 0.062167 ms MarkObjects: 2.183209 ms  DeleteObjects: 0.033250 ms)

AssetImportParameters requested are different than current active one (requested -> active):
  custom:video-decoder-ogg-theora: a1e56fd34408186e4bbccfd4996cb3dc -> 
  custom:container-muxer-webm: aa71ff27fc2769a1b78a27578f13a17b -> 
  custom:container-demuxer-webm: 4f35f7cbe854078d1ac9338744f61a02 -> 
  custom:container-demuxer-ogg: 62fdf1f143b41e24485cea50d1cbac27 -> 
  custom:video-encoder-webm-vp8: eb34c28f22e8b96e1ab97ce403110664 -> 
  custom:framework-osx-AVFoundation: e770b220cccbd017edd2c1fefb359320 -> 
  custom:video-decoder-webm-vp8: 9c59270c3fd7afecdb556c50c9e8de78 -> 
  custom:audio-decoder-ogg-vorbis: bf7c407c2cedff20999df2af8eb42d56 -> 
  custom:audio-encoder-webm-vorbis: bf7c407c2cedff20999df2af8eb42d56 -> 
========================================================================
Received Prepare
Registering precompiled user dll's ...
Registered in 0.010622 seconds.
Begin MonoManager ReloadAssembly
Native extension for OSXStandalone target not found
Native extension for WebGL target not found
Refreshing native plugins compatible for Editor in 0.73 ms, found 3 plugins.
Preloading 1 native plugins for Editor in 0.46 ms.
2022-07-24 14:27:56.049 Unity[68867:3696364] NSEventModifierFlagFunction specified to -setKeyEquivalentModifierMask: for item <NSMenuItem: 0x600002d80a10 Font Asset, ke='Command-F12'>, but is only supported for system-provided menu items; will not be used
Mono: successfully reloaded assembly
- Completed reload, in  2.518 seconds
Domain Reload Profiling:
	ReloadAssembly (2519ms)
		BeginReloadAssembly (348ms)
			ExecutionOrderSort (0ms)
			DisableScriptedObjects (35ms)
			BackupInstance (0ms)
			ReleaseScriptingObjects (0ms)
			CreateAndSetChildDomain (98ms)
		EndReloadAssembly (2078ms)
			LoadAssemblies (311ms)
			RebuildTransferFunctionScriptingTraits (0ms)
			SetupTypeCache (379ms)
			ReleaseScriptCaches (1ms)
			RebuildScriptCaches (48ms)
			SetupLoadedEditorAssemblies (1155ms)
				LogAssemblyErrors (0ms)
				InitializePlatformSupportModulesInManaged (12ms)
				SetLoadedEditorAssemblies (2ms)
				RefreshPlugins (1ms)
				BeforeProcessingInitializeOnLoad (272ms)
				ProcessInitializeOnLoadAttributes (842ms)
				ProcessInitializeOnLoadMethodAttributes (25ms)
				AfterProcessingInitializeOnLoad (1ms)
				EditorAssembliesLoaded (0ms)
			ExecutionOrderSort2 (0ms)
			AwakeInstancesAfterBackupRestoration (30ms)
Platform modules already initialized, skipping
Refreshing native plugins compatible for Editor in 0.68 ms, found 3 plugins.
Preloading 1 native plugins for Editor in 0.29 ms.
Unloading 2797 Unused Serialized files (Serialized files now loaded: 0)
System memory in use before: 261.9 MB.
System memory in use after: 262.1 MB.

Unloading 15 unused Assets to reduce memory usage. Loaded Objects now: 3407.
Total: 2.414791 ms (FindLiveObjects: 0.129042 ms CreateObjectMapping: 0.060584 ms MarkObjects: 2.192167 ms  DeleteObjects: 0.032125 ms)

AssetImportParameters requested are different than current active one (requested -> active):
  custom:video-decoder-ogg-theora: a1e56fd34408186e4bbccfd4996cb3dc -> 
  custom:container-muxer-webm: aa71ff27fc2769a1b78a27578f13a17b -> 
  custom:container-demuxer-webm: 4f35f7cbe854078d1ac9338744f61a02 -> 
  custom:container-demuxer-ogg: 62fdf1f143b41e24485cea50d1cbac27 -> 
  custom:video-encoder-webm-vp8: eb34c28f22e8b96e1ab97ce403110664 -> 
  custom:framework-osx-AVFoundation: e770b220cccbd017edd2c1fefb359320 -> 
  custom:video-decoder-webm-vp8: 9c59270c3fd7afecdb556c50c9e8de78 -> 
  custom:audio-decoder-ogg-vorbis: bf7c407c2cedff20999df2af8eb42d56 -> 
  custom:audio-encoder-webm-vorbis: bf7c407c2cedff20999df2af8eb42d56 -> 
========================================================================
Received Prepare
Registering precompiled user dll's ...
Registered in 0.007107 seconds.
Begin MonoManager ReloadAssembly
Native extension for OSXStandalone target not found
Native extension for WebGL target not found
Refreshing native plugins compatible for Editor in 0.85 ms, found 3 plugins.
Preloading 1 native plugins for Editor in 0.63 ms.
2022-07-24 14:41:38.809 Unity[68867:3696364] NSEventModifierFlagFunction specified to -setKeyEquivalentModifierMask: for item <NSMenuItem: 0x600002d8aa00 Font Asset, ke='Command-F12'>, but is only supported for system-provided menu items; will not be used
Mono: successfully reloaded assembly
- Completed reload, in  2.614 seconds
Domain Reload Profiling:
	ReloadAssembly (2616ms)
		BeginReloadAssembly (256ms)
			ExecutionOrderSort (0ms)
			DisableScriptedObjects (35ms)
			BackupInstance (0ms)
			ReleaseScriptingObjects (0ms)
			CreateAndSetChildDomain (88ms)
		EndReloadAssembly (2254ms)
			LoadAssemblies (217ms)
			RebuildTransferFunctionScriptingTraits (0ms)
			SetupTypeCache (406ms)
			ReleaseScriptCaches (1ms)
			RebuildScriptCaches (52ms)
			SetupLoadedEditorAssemblies (1267ms)
				LogAssemblyErrors (0ms)
				InitializePlatformSupportModulesInManaged (16ms)
				SetLoadedEditorAssemblies (2ms)
				RefreshPlugins (2ms)
				BeforeProcessingInitializeOnLoad (259ms)
				ProcessInitializeOnLoadAttributes (959ms)
				ProcessInitializeOnLoadMethodAttributes (28ms)
				AfterProcessingInitializeOnLoad (1ms)
				EditorAssembliesLoaded (0ms)
			ExecutionOrderSort2 (0ms)
			AwakeInstancesAfterBackupRestoration (34ms)
Platform modules already initialized, skipping
Refreshing native plugins compatible for Editor in 0.62 ms, found 3 plugins.
Preloading 1 native plugins for Editor in 0.26 ms.
Unloading 2798 Unused Serialized files (Serialized files now loaded: 0)
System memory in use before: 262.1 MB.
System memory in use after: 262.4 MB.

Unloading 15 unused Assets to reduce memory usage. Loaded Objects now: 3411.
Total: 2.549541 ms (FindLiveObjects: 0.160750 ms CreateObjectMapping: 0.063666 ms MarkObjects: 2.298750 ms  DeleteObjects: 0.025041 ms)

AssetImportParameters requested are different than current active one (requested -> active):
  custom:video-decoder-ogg-theora: a1e56fd34408186e4bbccfd4996cb3dc -> 
  custom:container-muxer-webm: aa71ff27fc2769a1b78a27578f13a17b -> 
  custom:container-demuxer-webm: 4f35f7cbe854078d1ac9338744f61a02 -> 
  custom:container-demuxer-ogg: 62fdf1f143b41e24485cea50d1cbac27 -> 
  custom:video-encoder-webm-vp8: eb34c28f22e8b96e1ab97ce403110664 -> 
  custom:framework-osx-AVFoundation: e770b220cccbd017edd2c1fefb359320 -> 
  custom:video-decoder-webm-vp8: 9c59270c3fd7afecdb556c50c9e8de78 -> 
  custom:audio-decoder-ogg-vorbis: bf7c407c2cedff20999df2af8eb42d56 -> 
  custom:audio-encoder-webm-vorbis: bf7c407c2cedff20999df2af8eb42d56 -> 
========================================================================
Received Import Request.
  Time since last request: 8797.909285 seconds.
  path: Assets/Scenes/level2.unity
  artifactKey: Guid(7a92c9ed48ed14a0288e73bd2044deac) Importer(815301076,1909f56bfc062723c751e8b465ee728b)
Start importing Assets/Scenes/level2.unity using Guid(7a92c9ed48ed14a0288e73bd2044deac) Importer(815301076,1909f56bfc062723c751e8b465ee728b)  -> (artifact id: 'eb1a9338db9692213388ab8bdc800ffd') in 0.119016 seconds 
========================================================================
Received Prepare
Registering precompiled user dll's ...
Registered in 0.007105 seconds.
Begin MonoManager ReloadAssembly
Native extension for OSXStandalone target not found
Native extension for WebGL target not found
Refreshing native plugins compatible for Editor in 0.83 ms, found 3 plugins.
Preloading 1 native plugins for Editor in 0.64 ms.
2022-07-24 15:58:05.381 Unity[68867:3696364] NSEventModifierFlagFunction specified to -setKeyEquivalentModifierMask: for item <NSMenuItem: 0x600002d849a0 Font Asset, ke='Command-F12'>, but is only supported for system-provided menu items; will not be used
Mono: successfully reloaded assembly
- Completed reload, in  2.651 seconds
Domain Reload Profiling:
	ReloadAssembly (2652ms)
		BeginReloadAssembly (301ms)
			ExecutionOrderSort (0ms)
			DisableScriptedObjects (43ms)
			BackupInstance (0ms)
			ReleaseScriptingObjects (0ms)
			CreateAndSetChildDomain (102ms)
		EndReloadAssembly (2251ms)
			LoadAssemblies (241ms)
			RebuildTransferFunctionScriptingTraits (0ms)
			SetupTypeCache (407ms)
			ReleaseScriptCaches (1ms)
			RebuildScriptCaches (56ms)
			SetupLoadedEditorAssemblies (1284ms)
				LogAssemblyErrors (0ms)
				InitializePlatformSupportModulesInManaged (16ms)
				SetLoadedEditorAssemblies (2ms)
				RefreshPlugins (2ms)
				BeforeProcessingInitializeOnLoad (264ms)
				ProcessInitializeOnLoadAttributes (975ms)
				ProcessInitializeOnLoadMethodAttributes (25ms)
				AfterProcessingInitializeOnLoad (1ms)
				EditorAssembliesLoaded (0ms)
			ExecutionOrderSort2 (0ms)
			AwakeInstancesAfterBackupRestoration (31ms)
Platform modules already initialized, skipping
Refreshing native plugins compatible for Editor in 0.69 ms, found 3 plugins.
Preloading 1 native plugins for Editor in 0.35 ms.
Unloading 2798 Unused Serialized files (Serialized files now loaded: 0)
System memory in use before: 262.4 MB.
System memory in use after: 262.7 MB.

Unloading 15 unused Assets to reduce memory usage. Loaded Objects now: 3414.
Total: 2.558958 ms (FindLiveObjects: 0.168750 ms CreateObjectMapping: 0.063417 ms MarkObjects: 2.294083 ms  DeleteObjects: 0.031833 ms)

AssetImportParameters requested are different than current active one (requested -> active):
  custom:video-decoder-ogg-theora: a1e56fd34408186e4bbccfd4996cb3dc -> 
  custom:container-muxer-webm: aa71ff27fc2769a1b78a27578f13a17b -> 
  custom:container-demuxer-webm: 4f35f7cbe854078d1ac9338744f61a02 -> 
  custom:container-demuxer-ogg: 62fdf1f143b41e24485cea50d1cbac27 -> 
  custom:video-encoder-webm-vp8: eb34c28f22e8b96e1ab97ce403110664 -> 
  custom:framework-osx-AVFoundation: e770b220cccbd017edd2c1fefb359320 -> 
  custom:video-decoder-webm-vp8: 9c59270c3fd7afecdb556c50c9e8de78 -> 
  custom:audio-decoder-ogg-vorbis: bf7c407c2cedff20999df2af8eb42d56 -> 
  custom:audio-encoder-webm-vorbis: bf7c407c2cedff20999df2af8eb42d56 -> 
========================================================================
Received Import Request.
  Time since last request: 5877.468081 seconds.
  path: Assets/Scenes/level1.unity
  artifactKey: Guid(9fc0d4010bbf28b4594072e72b8655ab) Importer(815301076,1909f56bfc062723c751e8b465ee728b)
Start importing Assets/Scenes/level1.unity using Guid(9fc0d4010bbf28b4594072e72b8655ab) Importer(815301076,1909f56bfc062723c751e8b465ee728b)  -> (artifact id: 'e6c96a3b748215b4a30ee4622ba1b054') in 0.079596 seconds 
========================================================================
Received Import Request.
  Time since last request: 15.330968 seconds.
  path: Assets/Scenes/level2.unity
  artifactKey: Guid(7a92c9ed48ed14a0288e73bd2044deac) Importer(815301076,1909f56bfc062723c751e8b465ee728b)
Start importing Assets/Scenes/level2.unity using Guid(7a92c9ed48ed14a0288e73bd2044deac) Importer(815301076,1909f56bfc062723c751e8b465ee728b)  -> (artifact id: '9a5ad745e851791614943d66fd83893a') in 0.002602 seconds 
========================================================================
Received Prepare
Registering precompiled user dll's ...
Registered in 0.009053 seconds.
Begin MonoManager ReloadAssembly
Native extension for OSXStandalone target not found
Native extension for WebGL target not found
Refreshing native plugins compatible for Editor in 0.68 ms, found 3 plugins.
Preloading 1 native plugins for Editor in 4.77 ms.
2022-07-25 20:20:54.402 Unity[68867:3696364] NSEventModifierFlagFunction specified to -setKeyEquivalentModifierMask: for item <NSMenuItem: 0x600002d80e00 Font Asset, ke='Command-F12'>, but is only supported for system-provided menu items; will not be used
Mono: successfully reloaded assembly
- Completed reload, in  2.576 seconds
Domain Reload Profiling:
	ReloadAssembly (2578ms)
		BeginReloadAssembly (304ms)
			ExecutionOrderSort (0ms)
			DisableScriptedObjects (42ms)
			BackupInstance (0ms)
			ReleaseScriptingObjects (0ms)
			CreateAndSetChildDomain (98ms)
		EndReloadAssembly (2181ms)
			LoadAssemblies (274ms)
			RebuildTransferFunctionScriptingTraits (0ms)
			SetupTypeCache (391ms)
			ReleaseScriptCaches (1ms)
			RebuildScriptCaches (49ms)
			SetupLoadedEditorAssemblies (1213ms)
				LogAssemblyErrors (0ms)
				InitializePlatformSupportModulesInManaged (13ms)
				SetLoadedEditorAssemblies (1ms)
				RefreshPlugins (5ms)
				BeforeProcessingInitializeOnLoad (259ms)
				ProcessInitializeOnLoadAttributes (907ms)
				ProcessInitializeOnLoadMethodAttributes (27ms)
				AfterProcessingInitializeOnLoad (1ms)
				EditorAssembliesLoaded (0ms)
			ExecutionOrderSort2 (0ms)
			AwakeInstancesAfterBackupRestoration (34ms)
Platform modules already initialized, skipping
Refreshing native plugins compatible for Editor in 0.74 ms, found 3 plugins.
Preloading 1 native plugins for Editor in 0.30 ms.
Unloading 2798 Unused Serialized files (Serialized files now loaded: 0)
System memory in use before: 262.7 MB.
System memory in use after: 263.0 MB.

Unloading 15 unused Assets to reduce memory usage. Loaded Objects now: 3417.
Total: 2.806792 ms (FindLiveObjects: 0.204542 ms CreateObjectMapping: 0.069083 ms MarkObjects: 2.490500 ms  DeleteObjects: 0.041125 ms)

AssetImportParameters requested are different than current active one (requested -> active):
  custom:video-decoder-ogg-theora: a1e56fd34408186e4bbccfd4996cb3dc -> 
  custom:container-muxer-webm: aa71ff27fc2769a1b78a27578f13a17b -> 
  custom:container-demuxer-webm: 4f35f7cbe854078d1ac9338744f61a02 -> 
  custom:container-demuxer-ogg: 62fdf1f143b41e24485cea50d1cbac27 -> 
  custom:video-encoder-webm-vp8: eb34c28f22e8b96e1ab97ce403110664 -> 
  custom:framework-osx-AVFoundation: e770b220cccbd017edd2c1fefb359320 -> 
  custom:video-decoder-webm-vp8: 9c59270c3fd7afecdb556c50c9e8de78 -> 
  custom:audio-decoder-ogg-vorbis: bf7c407c2cedff20999df2af8eb42d56 -> 
  custom:audio-encoder-webm-vorbis: bf7c407c2cedff20999df2af8eb42d56 -> 
AssetImportWorkerClient::OnTransportError - code=2 error=End of file
